c:\users\administrator\desktop\emet\emet\debug\vc141.pdb
c:\users\administrator\desktop\emet\emet\debug\vc141.idb
c:\users\administrator\desktop\emet\emet\debug\util.obj
c:\users\administrator\desktop\emet\emet\debug\sehop.obj
c:\users\administrator\desktop\emet\emet\debug\ropguard.obj
c:\users\administrator\desktop\emet\emet\debug\main.obj
c:\users\administrator\desktop\emet\emet\debug\hook.obj
c:\users\administrator\desktop\emet\emet\debug\emet.obj
c:\users\administrator\desktop\emet\emet\debug\eaf.obj
c:\users\administrator\desktop\emet\emet\debug\dsasm_functions.obj
c:\users\administrator\desktop\emet\emet\debug\disasm.obj
c:\users\administrator\desktop\emet\emet\debug\dep.obj
c:\users\administrator\desktop\emet\emet\debug\decode2asm.obj
c:\users\administrator\desktop\emet\emet\debug\asr.obj
c:\users\administrator\desktop\emet\emet\debug\aslr.obj
c:\users\administrator\desktop\emet\debug\emet.ilk
c:\users\administrator\desktop\emet\debug\emet.exe
c:\users\administrator\desktop\emet\debug\emet.pdb
c:\users\administrator\desktop\emet\emet\debug\emet.tlog\cl.command.1.tlog
c:\users\administrator\desktop\emet\emet\debug\emet.tlog\cl.read.1.tlog
c:\users\administrator\desktop\emet\emet\debug\emet.tlog\cl.write.1.tlog
c:\users\administrator\desktop\emet\emet\debug\emet.tlog\link.command.1.tlog
c:\users\administrator\desktop\emet\emet\debug\emet.tlog\link.read.1.tlog
c:\users\administrator\desktop\emet\emet\debug\emet.tlog\link.write.1.tlog
